2026-03-14 09:59:20, MOVE, v:1, k:ed@fuga, mode:PICK
2026-03-14 09:59:27, MOVE, v:1, k:ed@fuga, mode:BACK
2026-03-14 09:59:31, MOVE, v:1, k:ed@fuga, mode:PICK
2026-03-14 09:59:35, EXEC, v:1, k:ed@fuga, mode:FULL, rate:100
2026-03-14 10:02:01, SELF, v:1, k:ed@fuga, self:1, rate:100, study:70, concept:1, problem:1, debug:1
2026-03-14 10:04:45, MOVE, v:1, k:ed@fuga, mode:BACK
2026-03-14 10:04:55, MOVE, v:1, k:ed@pedra, mode:DOWN
2026-03-14 10:05:05, MOVE, v:1, k:ed@pedra, mode:PICK
2026-03-14 10:56:46, EXEC, v:1, k:ed@pedra, mode:FULL, rate:0, size:33
2026-03-14 11:00:15, EXEC, v:1, k:ed@pedra, mode:FULL, rate:0, size:32
2026-03-14 11:01:55, EXEC, v:1, k:ed@pedra, mode:FULL, rate:100, size:36
2026-03-14 11:02:56, MOVE, v:1, k:ed@pedra, mode:BACK
2026-03-14 11:03:04, MOVE, v:1, k:ed@pedra, mode:PICK
2026-03-14 11:03:06, EXEC, v:1, k:ed@pedra, mode:FULL, rate:100
2026-03-14 11:03:29, EXEC, v:1, k:ed@pedra, mode:FULL, rate:100
2026-03-14 11:05:20, SELF, v:1, k:ed@pedra, self:1, rate:100, study:75, concept:1, problem:1
2026-03-14 11:05:46, MOVE, v:1, k:ed@pedra, mode:BACK
2026-03-14 11:08:12, MOVE, v:1, k:ed@pedra, mode:PICK
2026-03-14 11:08:14, EXEC, v:1, k:ed@pedra, mode:FULL, rate:100, size:36
2026-03-14 11:09:05, MOVE, v:1, k:ed@pedra, mode:BACK
