2026-03-10 10:49:11, MOVE, v:1, k:ed@princesa, mode:DOWN
2026-03-10 10:49:15, MOVE, v:1, k:ed@princesa, mode:PICK
2026-03-10 11:02:14, EXEC, v:1, k:ed@princesa, mode:FULL, rate:0, size:7
2026-03-10 19:34:57, MOVE, v:1, k:ed@princesa, mode:PICK
2026-03-10 19:35:04, EXEC, v:1, k:ed@princesa, mode:FULL, rate:0, size:29
2026-03-10 19:46:25, MOVE, v:1, k:ed@princesa, mode:BACK
2026-03-10 19:55:40, MOVE, v:1, k:ed@princesa, mode:PICK
2026-03-10 19:59:43, EXEC, v:1, k:ed@princesa, mode:FULL, rate:0, size:42
2026-03-10 20:00:32, EXEC, v:1, k:ed@princesa, mode:FULL, rate:0, size:44
2026-03-10 20:04:40, EXEC, v:1, k:ed@princesa, mode:FULL, rate:0, size:43
2026-03-10 20:11:25, EXEC, v:1, k:ed@princesa, mode:FULL, rate:0, size:42
2026-03-10 20:12:08, EXEC, v:1, k:ed@princesa, mode:FULL, rate:0, size:42
2026-03-10 20:12:24, EXEC, v:1, k:ed@princesa, mode:FULL, rate:0, size:42
2026-03-10 20:13:03, EXEC, v:1, k:ed@princesa, mode:FULL, rate:0, size:42
2026-03-10 20:14:20, EXEC, v:1, k:ed@princesa, mode:FULL, rate:0, size:42
2026-03-10 20:17:34, EXEC, v:1, k:ed@princesa, mode:FULL, rate:0, size:42
2026-03-10 20:23:13, EXEC, v:1, k:ed@princesa, mode:FULL, rate:0, size:43
2026-03-10 20:26:09, EXEC, v:1, k:ed@princesa, mode:FULL, rate:0, size:45
2026-03-10 20:30:35, EXEC, v:1, k:ed@princesa, mode:FULL, rate:0, size:43
2026-03-10 20:32:31, EXEC, v:1, k:ed@princesa, mode:FULL, rate:100, size:47
2026-03-10 20:38:23, SELF, v:1, k:ed@princesa, self:1, rate:100, study:150, concept:1, problem:1, debug:1
2026-03-10 20:38:28, MOVE, v:1, k:ed@princesa, mode:BACK
2026-03-10 20:38:47, MOVE, v:1, k:ed@princesa, mode:PICK
2026-03-10 20:39:07, MOVE, v:1, k:ed@princesa, mode:BACK
2026-03-10 20:42:44, SELF, v:1, k:ed@princesa, self:1, rate:100, study:150, concept:1, problem:1, debug:1
